  circle.cpp
C:\Users\ssu21\OneDrive\바탕 화면\11week1_project\11week1_project\circle.h(4,12): error C2504: 'Shape': 기본 클래스를 정의하지 않았습니다.
C:\Users\ssu21\OneDrive\바탕 화면\11week1_project\11week1_project\circle.cpp(6,6): error C2614: 'circle': 멤버 초기화가 잘못되었습니다. 'Shape'이(가) 기본 또는 멤버가 아닙니다.
C:\Users\ssu21\OneDrive\바탕 화면\11week1_project\11week1_project\circle.cpp(11,40): error C2065: '_x': 선언되지 않은 식별자입니다.
C:\Users\ssu21\OneDrive\바탕 화면\11week1_project\11week1_project\circle.cpp(11,53): error C2065: '_y': 선언되지 않은 식별자입니다.
  main.cpp
C:\Users\ssu21\OneDrive\바탕 화면\11week1_project\11week1_project\circle.h(4,12): error C2504: 'Shape': 기본 클래스를 정의하지 않았습니다.
C:\Users\ssu21\OneDrive\바탕 화면\11week1_project\11week1_project\Shape.h(7,15): error C2535: 'void Shape::Draw(void) const': 멤버 함수를 이미 정의했거나 선언했습니다.
C:\Users\ssu21\OneDrive\바탕 화면\11week1_project\11week1_project\Shape.h(6,7): message : 'Shape::Draw' 선언을 참조하십시오.
C:\Users\ssu21\OneDrive\바탕 화면\11week1_project\11week1_project\main.cpp(27,24): error C2440: '=': 'circle *'에서 'Shape *'(으)로 변환할 수 없습니다.
C:\Users\ssu21\OneDrive\바탕 화면\11week1_project\11week1_project\main.cpp(27,24): message : 가리킨 형식이 관련이 없습니다. 변환하려면 reinterpret_cast, C 스타일 캐스트 또는 괄호가 있는 함수 스타일 캐스트가 필요합니다.
C:\Users\ssu21\OneDrive\바탕 화면\11week1_project\11week1_project\main.cpp(30,24): error C2440: '=': 'circle *'에서 'Shape *'(으)로 변환할 수 없습니다.
C:\Users\ssu21\OneDrive\바탕 화면\11week1_project\11week1_project\main.cpp(30,24): message : 가리킨 형식이 관련이 없습니다. 변환하려면 reinterpret_cast, C 스타일 캐스트 또는 괄호가 있는 함수 스타일 캐스트가 필요합니다.
C:\Users\ssu21\OneDrive\바탕 화면\11week1_project\11week1_project\main.cpp(33,24): error C2143: 구문 오류: ';'이(가) ':' 앞에 없습니다.
C:\Users\ssu21\OneDrive\바탕 화면\11week1_project\11week1_project\main.cpp(33,24): error C2143: 구문 오류: ')'이(가) ':' 앞에 없습니다.
C:\Users\ssu21\OneDrive\바탕 화면\11week1_project\11week1_project\main.cpp(33,24): error C2059: 구문 오류: ':'
C:\Users\ssu21\OneDrive\바탕 화면\11week1_project\11week1_project\main.cpp(33,29): error C2059: 구문 오류: ')'
C:\Users\ssu21\OneDrive\바탕 화면\11week1_project\11week1_project\main.cpp(33,31): error C2143: 구문 오류: ';'이(가) '{' 앞에 없습니다.
C:\Users\ssu21\OneDrive\바탕 화면\11week1_project\11week1_project\main.cpp(34,10): error C2065: 'i': 선언되지 않은 식별자입니다.
C:\Users\ssu21\OneDrive\바탕 화면\11week1_project\11week1_project\main.cpp(36,7): error C2065: 'i': 선언되지 않은 식별자입니다.
C:\Users\ssu21\OneDrive\바탕 화면\11week1_project\11week1_project\main.cpp(36,14): error C2065: 'i': 선언되지 않은 식별자입니다.
C:\Users\ssu21\OneDrive\바탕 화면\11week1_project\11week1_project\main.cpp(36,23): error C2065: 'i': 선언되지 않은 식별자입니다.
C:\Users\ssu21\OneDrive\바탕 화면\11week1_project\11week1_project\main.cpp(38,17): error C2065: 'i': 선언되지 않은 식별자입니다.
C:\Users\ssu21\OneDrive\바탕 화면\11week1_project\11week1_project\main.cpp(39,10): error C2065: 'i': 선언되지 않은 식별자입니다.
  Rectangle.cpp
C:\Users\ssu21\OneDrive\바탕 화면\11week1_project\11week1_project\Shape.h(7,15): error C2535: 'void Shape::Draw(void) const': 멤버 함수를 이미 정의했거나 선언했습니다.
C:\Users\ssu21\OneDrive\바탕 화면\11week1_project\11week1_project\Shape.h(6,7): message : 'Shape::Draw' 선언을 참조하십시오.
  Shape.cpp
C:\Users\ssu21\OneDrive\바탕 화면\11week1_project\11week1_project\Shape.h(7,15): error C2535: 'void Shape::Draw(void) const': 멤버 함수를 이미 정의했거나 선언했습니다.
C:\Users\ssu21\OneDrive\바탕 화면\11week1_project\11week1_project\Shape.h(6,7): message : 'Shape::Draw' 선언을 참조하십시오.
  코드를 생성하고 있습니다...
